Arguments: 
  E:\Program Files\nodejs\node.exe E:\Program Files (x86)\Yarn\bin\yarn.js init

PATH: 
  C:\Program Files (x86)\Common Files\Oracle\Java\javapath;E:\flutter\bin;E:\Program Files (x86)\Java\jdk1.8.0_111\bin;E:\Program Files (x86)\Java\jdk1.8.0_111\jre\bin;E:\Program Files\Git\bin;E:\Program Files\Git\cmd;E:\Program Files\WSO2\API Manager\3.2.0\bin\..\bin;E:\Program Files\WSO2\Identity Server\5.11.0\bin\..\bin;C:\Users\SrZec\AppData\Local\Programs\Python\Python37\Scripts\;C:\Users\SrZec\AppData\Local\Programs\Python\Python37\;C:\Users\SrZec\AppData\Local\Microsoft\WindowsApps;E:\Users\SrZec\AppData\Local\Programs\Microsoft VS Code\bin;C:\Users\SrZec\AppData\Roaming\npm;C:\Users\SrZec\AppData\Local\Yarn\bin;C:\Users\SrZec\.dotnet\tools;C:\Windows\System32;C:\Windows\System32\WindowsPowerShell\v1.0;E:\Program Files\nodejs;E:\Program Files (x86)\Yarn\bin;C:\Users\SrZec\AppData\Local\Programs\Python\Python37\Scripts\;C:\Users\SrZec\AppData\Local\Programs\Python\Python37\;C:\Users\SrZec\AppData\Local\Microsoft\WindowsApps;E:\Users\SrZec\AppData\Local\Programs\Microsoft VS Code\bin;C:\Users\SrZec\AppData\Roaming\npm;C:\Users\SrZec\AppData\Local\Yarn\bin;C:\Users\SrZec\.dotnet\tools;

Yarn version: 
  1.22.5

Node version: 
  14.15.2

Platform: 
  win32 x64

Trace: 
  Error: canceled
      at Interface.<anonymous> (E:\Program Files (x86)\Yarn\lib\cli.js:137009:13)
      at Interface.emit (events.js:315:20)
      at Interface._ttyWrite (readline.js:875:16)
      at ReadStream.onkeypress (readline.js:213:10)
      at ReadStream.emit (events.js:315:20)
      at emitKeys (internal/readline/utils.js:345:14)
      at emitKeys.next (<anonymous>)
      at ReadStream.onData (readline.js:1144:36)
      at ReadStream.emit (events.js:315:20)
      at addChunk (internal/streams/readable.js:309:12)

npm manifest: 
  No manifest

yarn manifest: 
  No manifest

Lockfile: 
  No lockfile
